[debug] [2021-11-26T18:49:20.549Z] ----------------------------------------------------------------------
[debug] [2021-11-26T18:49:20.556Z] Command:       C:\Program Files\nodejs\node.exe C:\Users\abidb\AppData\Roaming\npm\node_modules\firebase-tools\lib\bin\firebase.js init
[debug] [2021-11-26T18:49:20.557Z] CLI Version:   9.22.0
[debug] [2021-11-26T18:49:20.557Z] Platform:      win32
[debug] [2021-11-26T18:49:20.558Z] Node Version:  v14.18.0
[debug] [2021-11-26T18:49:20.560Z] Time:          Sat Nov 27 2021 00:49:20 GMT+0600 (Bangladesh Standard Time)
[debug] [2021-11-26T18:49:20.561Z] ----------------------------------------------------------------------
[debug] 
[debug] [2021-11-26T18:49:20.675Z] > command requires scopes: ["email","openid","https://www.googleapis.com/auth/cloudplatformprojects.readonly","https://www.googleapis.com/auth/firebase","https://www.googleapis.com/auth/cloud-platform"]
[debug] [2021-11-26T18:49:20.675Z] > authorizing via signed-in user (abid.bu16@gmail.com)
[info] 
     ######## #### ########  ######## ########     ###     ######  ########
     ##        ##  ##     ## ##       ##     ##  ##   ##  ##       ##
     ######    ##  ########  ######   ########  #########  ######  ######
     ##        ##  ##    ##  ##       ##     ## ##     ##       ## ##
     ##       #### ##     ## ######## ########  ##     ##  ######  ########

You're about to initialize a Firebase project in this directory:

  D:\Programming Hero Web Development Course With Jhankar Mahbub\Milestone-12-Final-Project-(Complete-Website)\Module-74-Complete-Website-Assignment-12\client-elegant-automobile

Before we get started, keep in mind:

  * You are initializing within an existing Firebase project directory

[info] 
=== Project Setup
[info] 
[info] First, let's associate this project directory with a Firebase project.
[info] You can create multiple project aliases by running firebase use --add, 
[info] but for now we'll just set up a default project.
[info] 
[info] i  .firebaserc already has a default project, using elegent-automobile. 
[debug] [2021-11-26T18:49:25.582Z] >>> [apiv2][query] GET https://firebase.googleapis.com/v1beta1/projects/elegent-automobile [none]
[debug] [2021-11-26T18:49:26.134Z] <<< [apiv2][status] GET https://firebase.googleapis.com/v1beta1/projects/elegent-automobile 200
[debug] [2021-11-26T18:49:26.134Z] <<< [apiv2][body] GET https://firebase.googleapis.com/v1beta1/projects/elegent-automobile {"projectId":"elegent-automobile","projectNumber":"109930300549","displayName":"elegent-automobile","name":"projects/elegent-automobile","resources":{"hostingSite":"elegent-automobile"},"state":"ACTIVE"}
[info] 
=== Hosting Setup
[info] 
[info] Your public directory is the folder (relative to your project directory) that
[info] will contain Hosting assets to be uploaded with firebase deploy. If you
[info] have a build process for your assets, use your build's output directory.
[info] 
[debug] [2021-11-26T18:49:43.339Z] ----------------------------------------------------------------------
[debug] [2021-11-26T18:49:43.342Z] Command:       C:\Program Files\nodejs\node.exe C:\Users\abidb\AppData\Roaming\npm\node_modules\firebase-tools\lib\bin\firebase.js use --add
[debug] [2021-11-26T18:49:43.342Z] CLI Version:   9.22.0
[debug] [2021-11-26T18:49:43.342Z] Platform:      win32
[debug] [2021-11-26T18:49:43.342Z] Node Version:  v14.18.0
[debug] [2021-11-26T18:49:43.343Z] Time:          Sat Nov 27 2021 00:49:43 GMT+0600 (Bangladesh Standard Time)
[debug] [2021-11-26T18:49:43.344Z] ----------------------------------------------------------------------
[debug] 
[debug] [2021-11-26T18:49:43.424Z] > command requires scopes: ["email","openid","https://www.googleapis.com/auth/cloudplatformprojects.readonly","https://www.googleapis.com/auth/firebase","https://www.googleapis.com/auth/cloud-platform"]
[debug] [2021-11-26T18:49:43.425Z] > authorizing via signed-in user (abid.bu16@gmail.com)
[debug] [2021-11-26T18:49:43.429Z] >>> [apiv2][query] GET https://firebase.googleapis.com/v1beta1/projects pageSize=1000
[debug] [2021-11-26T18:49:45.910Z] <<< [apiv2][status] GET https://firebase.googleapis.com/v1beta1/projects 200
[debug] [2021-11-26T18:49:45.910Z] <<< [apiv2][body] GET https://firebase.googleapis.com/v1beta1/projects [omitted]
